<?xml version="1.0" encoding="UTF-8"?>
<testng-results skipped="0" failed="0" total="1" passed="1">
  <reporter-output>
  </reporter-output>
  <suite name="Default suite" duration-ms="1278" started-at="2017-01-27T14:37:43Z" finished-at="2017-01-27T14:37:44Z">
    <groups>
    </groups>
    <test name="Default test" duration-ms="1278" started-at="2017-01-27T14:37:43Z" finished-at="2017-01-27T14:37:44Z">
      <class name="ReadJsonObject">
        <test-method status="PASS" signature="aptTesting()[pri:0, instance:ReadJsonObject@5afa04c]" name="aptTesting" duration-ms="1188" started-at="2017-01-27T20:07:43Z" finished-at="2017-01-27T20:07:44Z">
          <reporter-output>
          </reporter-output>
        </test-method> <!-- aptTesting -->
      </class> <!-- ReadJsonObject -->
    </test> <!-- Default test -->
  </suite> <!-- Default suite -->
</testng-results>
